c:\users\kevin\source\repos\qtguiapplication1\qtguiapplication1\x64\debug\collection.obj
c:\users\kevin\source\repos\qtguiapplication1\qtguiapplication1\x64\debug\qtguiapplication1.obj
c:\users\kevin\source\repos\qtguiapplication1\qtguiapplication1\x64\debug\main.obj
c:\users\kevin\source\repos\qtguiapplication1\qtguiapplication1\x64\debug\facet.obj
c:\users\kevin\source\repos\qtguiapplication1\qtguiapplication1\x64\debug\moc_qtguiapplication1.obj
c:\users\kevin\source\repos\qtguiapplication1\qtguiapplication1\x64\debug\mtxpoint.obj
c:\users\kevin\source\repos\qtguiapplication1\qtguiapplication1\x64\debug\persistence.obj
c:\users\kevin\source\repos\qtguiapplication1\qtguiapplication1\x64\debug\cameras.obj
c:\users\kevin\source\repos\qtguiapplication1\qtguiapplication1\x64\debug\xpoints.obj
c:\users\kevin\source\repos\qtguiapplication1\qtguiapplication1\x64\debug\markers.obj
c:\users\kevin\source\repos\qtguiapplication1\qtguiapplication1\x64\debug\xform3d.obj
c:\users\kevin\source\repos\qtguiapplication1\qtguiapplication1\x64\debug\qrc_qtguiapplication1.obj
c:\users\kevin\source\repos\qtguiapplication1\qtguiapplication1\x64\debug\mcamera.obj
c:\users\kevin\source\repos\qtguiapplication1\qtguiapplication1\x64\debug\utilityfunctions.obj
c:\users\kevin\source\repos\qtguiapplication1\qtguiapplication1\x64\debug\marker.obj
c:\users\kevin\source\repos\qtguiapplication1\qtguiapplication1\x64\debug\vector.obj
c:\users\kevin\source\repos\qtguiapplication1\qtguiapplication1\x64\debug\vc141.pdb
c:\users\kevin\source\repos\qtguiapplication1\x64\debug\qtguiapplication1.ilk
c:\users\kevin\source\repos\qtguiapplication1\x64\debug\qtguiapplication1.exe
c:\users\kevin\source\repos\qtguiapplication1\x64\debug\qtguiapplication1.pdb
c:\users\kevin\source\repos\qtguiapplication1\qtguiapplication1\generatedfiles\debug\moc_qtguiapplication1.cpp
c:\users\kevin\source\repos\qtguiapplication1\qtguiapplication1\generatedfiles\qrc_qtguiapplication1.cpp
c:\users\kevin\source\repos\qtguiapplication1\qtguiapplication1\generatedfiles\ui_qtguiapplication1.h
c:\users\kevin\source\repos\qtguiapplication1\qtguiapplication1\.\generatedfiles\debug\moc_qtguiapplication1.cpp
c:\users\kevin\source\repos\qtguiapplication1\qtguiapplication1\.\generatedfiles\qrc_qtguiapplication1.cpp
c:\users\kevin\source\repos\qtguiapplication1\qtguiapplication1\.\generatedfiles\ui_qtguiapplication1.h
c:\users\kevin\source\repos\qtguiapplication1\qtguiapplication1\x64\debug\qtguiapp.b12702ad.tlog\cl.14396.write.1.tlog
c:\users\kevin\source\repos\qtguiapplication1\qtguiapplication1\x64\debug\qtguiapp.b12702ad.tlog\cl.command.1.tlog
c:\users\kevin\source\repos\qtguiapplication1\qtguiapplication1\x64\debug\qtguiapp.b12702ad.tlog\cl.read.1.tlog
c:\users\kevin\source\repos\qtguiapplication1\qtguiapplication1\x64\debug\qtguiapp.b12702ad.tlog\link.command.1.tlog
c:\users\kevin\source\repos\qtguiapplication1\qtguiapplication1\x64\debug\qtguiapp.b12702ad.tlog\link.read.1.tlog
c:\users\kevin\source\repos\qtguiapplication1\qtguiapplication1\x64\debug\qtguiapp.b12702ad.tlog\link.write.1.tlog
c:\users\kevin\source\repos\qtguiapplication1\qtguiapplication1\x64\debug\qtguiapp.b12702ad.tlog\qtguiapplication1.write.1u.tlog
c:\users\kevin\source\repos\qtguiapplication1\qtguiapplication1\x64\debug\qtguiapp.b12702ad.tlog\qtmoc.read.1u.tlog
c:\users\kevin\source\repos\qtguiapplication1\qtguiapplication1\x64\debug\qtguiapp.b12702ad.tlog\qtmoc.write.1u.tlog
c:\users\kevin\source\repos\qtguiapplication1\qtguiapplication1\x64\debug\qtguiapp.b12702ad.tlog\qtrcc.read.1u.tlog
c:\users\kevin\source\repos\qtguiapplication1\qtguiapplication1\x64\debug\qtguiapp.b12702ad.tlog\qtrcc.write.1u.tlog
c:\users\kevin\source\repos\qtguiapplication1\qtguiapplication1\x64\debug\qtguiapp.b12702ad.tlog\qtuic.read.1u.tlog
c:\users\kevin\source\repos\qtguiapplication1\qtguiapplication1\x64\debug\qtguiapp.b12702ad.tlog\qtuic.write.1u.tlog
